# JRE version: Java(TM) SE Runtime Environment (17.0.6+9) (build 17.0.6+9-LTS-190)
# Java VM: Java HotSpot(TM) 64-Bit Server VM (17.0.6+9-LTS-190, mixed mode, sharing, tiered, compressed oops, compressed class ptrs, g1 gc, windows-amd64)
GC Precious Log:
 CPUs: 12 total, 12 available
 Memory: 6005M
 Large Page Support: Disabled
 NUMA Support: Disabled
 Compressed Oops: Enabled (32-bit)
 Heap Region Size: 1M
 Heap Min Capacity: 8M
 Heap Initial Capacity: 94M
 Heap Max Capacity: 1502M
 Pre-touch: Disabled
 Parallel Workers: 10
 Concurrent Workers: 3
 Concurrent Refinement Workers: 10
 Periodic GC: Disabled
Heap:
 garbage-first heap   total 161792K, used 71689K [0x00000000a2200000, 0x0000000100000000)
  region size 1024K, 21 young (21504K), 1 survivors (1024K)
 Metaspace       used 92687K, committed 93504K, reserved 1130496K
  class space    used 12654K, committed 13056K, reserved 1048576K
GC Heap History (20 events):
Event: 12.481 GC heap before
{Heap before GC invocations=31 (full 0):
 garbage-first heap   total 80896K, used 66000K [0x00000000a2200000, 0x0000000100000000)
  region size 1024K, 31 young (31744K), 4 survivors (4096K)
 Metaspace       used 79278K, committed 79872K, reserved 1122304K
  class space    used 10851K, committed 11136K, reserved 1048576K
}
Event: 12.484 GC heap after
{Heap after GC invocations=32 (full 0):
 garbage-first heap   total 80896K, used 40075K [0x00000000a2200000, 0x0000000100000000)
  region size 1024K, 3 young (3072K), 3 survivors (3072K)
 Metaspace       used 79278K, committed 79872K, reserved 1122304K
  class space    used 10851K, committed 11136K, reserved 1048576K
}
Event: 12.712 GC heap before
{Heap before GC invocations=32 (full 0):
 garbage-first heap   total 80896K, used 66699K [0x00000000a2200000, 0x0000000100000000)
  region size 1024K, 29 young (29696K), 3 survivors (3072K)
 Metaspace       used 79853K, committed 80448K, reserved 1122304K
  class space    used 10892K, committed 11136K, reserved 1048576K
}
Event: 12.715 GC heap after
{Heap after GC invocations=33 (full 0):
 garbage-first heap   total 80896K, used 41794K [0x00000000a2200000, 0x0000000100000000)
  region size 1024K, 4 young (4096K), 4 survivors (4096K)
 Metaspace       used 79853K, committed 80448K, reserved 1122304K
  class space    used 10892K, committed 11136K, reserved 1048576K
}
Event: 13.038 GC heap before
{Heap before GC invocations=34 (full 0):
 garbage-first heap   total 80896K, used 66370K [0x00000000a2200000, 0x0000000100000000)
  region size 1024K, 28 young (28672K), 4 survivors (4096K)
 Metaspace       used 80828K, committed 81472K, reserved 1122304K
  class space    used 11036K, committed 11328K, reserved 1048576K
}
Event: 13.042 GC heap after
{Heap after GC invocations=35 (full 0):
 garbage-first heap   total 80896K, used 43854K [0x00000000a2200000, 0x0000000100000000)
  region size 1024K, 4 young (4096K), 4 survivors (4096K)
 Metaspace       used 80828K, committed 81472K, reserved 1122304K
  class space    used 11036K, committed 11328K, reserved 1048576K
}
Event: 13.056 GC heap before
{Heap before GC invocations=35 (full 0):
 garbage-first heap   total 80896K, used 44878K [0x00000000a2200000, 0x0000000100000000)
  region size 1024K, 5 young (5120K), 4 survivors (4096K)
 Metaspace       used 80854K, committed 81472K, reserved 1122304K
  class space    used 11041K, committed 11328K, reserved 1048576K
}
Event: 13.059 GC heap after
{Heap after GC invocations=36 (full 0):
 garbage-first heap   total 80896K, used 43845K [0x00000000a2200000, 0x0000000100000000)
  region size 1024K, 1 young (1024K), 1 survivors (1024K)
 Metaspace       used 80854K, committed 81472K, reserved 1122304K
  class space    used 11041K, committed 11328K, reserved 1048576K
}
Event: 13.478 GC heap before
{Heap before GC invocations=36 (full 0):
 garbage-first heap   total 80896K, used 66373K [0x00000000a2200000, 0x0000000100000000)
  region size 1024K, 23 young (23552K), 1 survivors (1024K)
 Metaspace       used 82809K, committed 83456K, reserved 1122304K
  class space    used 11295K, committed 11584K, reserved 1048576K
}
Event: 13.481 GC heap after
{Heap after GC invocations=37 (full 0):
 garbage-first heap   total 80896K, used 44934K [0x00000000a2200000, 0x0000000100000000)
  region size 1024K, 2 young (2048K), 2 survivors (2048K)
 Metaspace       used 82809K, committed 83456K, reserved 1122304K
  class space    used 11295K, committed 11584K, reserved 1048576K
}
Event: 13.901 GC heap before
{Heap before GC invocations=38 (full 0):
 garbage-first heap   total 80896K, used 66438K [0x00000000a2200000, 0x0000000100000000)
  region size 1024K, 23 young (23552K), 2 survivors (2048K)
 Metaspace       used 83703K, committed 84288K, reserved 1122304K
  class space    used 11436K, committed 11712K, reserved 1048576K
}
Event: 13.904 GC heap after
{Heap after GC invocations=39 (full 0):
 garbage-first heap   total 80896K, used 46485K [0x00000000a2200000, 0x0000000100000000)
  region size 1024K, 2 young (2048K), 2 survivors (2048K)
 Metaspace       used 83703K, committed 84288K, reserved 1122304K
  class space    used 11436K, committed 11712K, reserved 1048576K
}
Event: 13.917 GC heap before
{Heap before GC invocations=39 (full 0):
 garbage-first heap   total 80896K, used 47509K [0x00000000a2200000, 0x0000000100000000)
  region size 1024K, 3 young (3072K), 2 survivors (2048K)
 Metaspace       used 83724K, committed 84352K, reserved 1122304K
  class space    used 11440K, committed 11712K, reserved 1048576K
}
Event: 13.919 GC heap after
{Heap after GC invocations=40 (full 0):
 garbage-first heap   total 80896K, used 46348K [0x00000000a2200000, 0x0000000100000000)
  region size 1024K, 1 young (1024K), 1 survivors (1024K)
 Metaspace       used 83724K, committed 84352K, reserved 1122304K
  class space    used 11440K, committed 11712K, reserved 1048576K
}
Event: 14.243 GC heap before
{Heap before GC invocations=40 (full 0):
 garbage-first heap   total 80896K, used 66828K [0x00000000a2200000, 0x0000000100000000)
  region size 1024K, 21 young (21504K), 1 survivors (1024K)
 Metaspace       used 84714K, committed 85312K, reserved 1122304K
  class space    used 11596K, committed 11904K, reserved 1048576K
}
Event: 14.246 GC heap after
{Heap after GC invocations=41 (full 0):
 garbage-first heap   total 161792K, used 47947K [0x00000000a2200000, 0x0000000100000000)
  region size 1024K, 2 young (2048K), 2 survivors (2048K)
 Metaspace       used 84714K, committed 85312K, reserved 1122304K
  class space    used 11596K, committed 11904K, reserved 1048576K
}
Event: 65.542 GC heap before
{Heap before GC invocations=42 (full 0):
 garbage-first heap   total 161792K, used 127819K [0x00000000a2200000, 0x0000000100000000)
  region size 1024K, 80 young (81920K), 2 survivors (2048K)
 Metaspace       used 89258K, committed 89920K, reserved 1130496K
  class space    used 12217K, committed 12544K, reserved 1048576K
}
Event: 65.549 GC heap after
{Heap after GC invocations=43 (full 0):
 garbage-first heap   total 161792K, used 51813K [0x00000000a2200000, 0x0000000100000000)
  region size 1024K, 6 young (6144K), 6 survivors (6144K)
 Metaspace       used 89258K, committed 89920K, reserved 1130496K
  class space    used 12217K, committed 12544K, reserved 1048576K
}
Event: 67.637 GC heap before
{Heap before GC invocations=43 (full 0):
 garbage-first heap   total 161792K, used 52837K [0x00000000a2200000, 0x0000000100000000)
  region size 1024K, 7 young (7168K), 6 survivors (6144K)
 Metaspace       used 89440K, committed 90176K, reserved 1130496K
  class space    used 12242K, committed 12608K, reserved 1048576K
}
Event: 67.643 GC heap after
{Heap after GC invocations=44 (full 0):
 garbage-first heap   total 161792K, used 52233K [0x00000000a2200000, 0x0000000100000000)
  region size 1024K, 1 young (1024K), 1 survivors (1024K)
 Metaspace       used 89440K, committed 90176K, reserved 1130496K
  class space    used 12242K, committed 12608K, reserved 1048576K
}

